[debug] [2021-05-10T06:11:25.311Z] ----------------------------------------------------------------------
[debug] [2021-05-10T06:11:25.313Z] Command:       C:\Program Files\nodejs\node.exe C:\Users\Ajinkya\AppData\Roaming\npm\node_modules\firebase-tools\lib\bin\firebase.js emulators:start
[debug] [2021-05-10T06:11:25.313Z] CLI Version:   9.10.2
[debug] [2021-05-10T06:11:25.313Z] Platform:      win32
[debug] [2021-05-10T06:11:25.313Z] Node Version:  v14.16.0
[debug] [2021-05-10T06:11:25.314Z] Time:          Mon May 10 2021 11:41:25 GMT+0530 (India Standard Time)
[debug] [2021-05-10T06:11:25.314Z] ----------------------------------------------------------------------
[debug] 
[debug] [2021-05-10T06:11:25.327Z] > command requires scopes: ["email","openid","https://www.googleapis.com/auth/cloudplatformprojects.readonly","https://www.googleapis.com/auth/firebase","https://www.googleapis.com/auth/cloud-platform"]
[debug] [2021-05-10T06:11:25.328Z] > authorizing via signed-in user (ajinkyajadhav80586@gmail.com)
[info] i  emulators: Starting emulators: functions, hosting {"metadata":{"emulator":{"name":"hub"},"message":"Starting emulators: functions, hosting"}}
[debug] [2021-05-10T06:11:25.440Z] [hub] writing locator at C:\Users\Ajinkya\AppData\Local\Temp\hub-clone-216bc.json
[warn] !  functions: The following emulators are not running, calls to these services from the Functions emulator will affect production: auth, firestore, database, pubsub {"metadata":{"emulator":{"name":"functions"},"message":"The following emulators are not running, calls to these services from the Functions emulator will affect production: \u001b[1mauth, firestore, database, pubsub\u001b[22m"}}
[warn] !  Your requested "node" version "12" doesn't match your global version "14" {"metadata":{"emulator":{"name":"functions"},"message":"Your requested \"node\" version \"12\" doesn't match your global version \"14\""}}
[debug] [2021-05-10T06:11:25.579Z] defaultcredentials: writing to file C:\Users\Ajinkya\AppData\Roaming\firebase\ajinkyajadhav80586_gmail_com_application_default_credentials.json
[debug] [2021-05-10T06:11:25.583Z] Setting GAC to C:\Users\Ajinkya\AppData\Roaming\firebase\ajinkyajadhav80586_gmail_com_application_default_credentials.json {"metadata":{"emulator":{"name":"functions"},"message":"Setting GAC to C:\\Users\\Ajinkya\\AppData\\Roaming\\firebase\\ajinkyajadhav80586_gmail_com_application_default_credentials.json"}}
[debug] [2021-05-10T06:11:25.587Z] > refreshing access token with scopes: []
[debug] [2021-05-10T06:11:25.590Z] >>> HTTP REQUEST POST https://www.googleapis.com/oauth2/v3/token  
 <request body omitted>
[debug] [2021-05-10T06:11:26.608Z] <<< HTTP RESPONSE 200 {"expires":"Mon, 01 Jan 1990 00:00:00 GMT","pragma":"no-cache","date":"Mon, 10 May 2021 06:11:25 GMT","cache-control":"no-cache, no-store, max-age=0, must-revalidate","content-type":"application/json; charset=utf-8","vary":"X-Origin, Referer, Origin,Accept-Encoding","server":"scaffolding on HTTPServer2","x-xss-protection":"0","x-frame-options":"SAMEORIGIN","x-content-type-options":"nosniff","alt-svc":"h3-29=\":443\"; ma=2592000,h3-T051=\":443\"; ma=2592000,h3-Q050=\":443\"; ma=2592000,h3-Q046=\":443\"; ma=2592000,h3-Q043=\":443\"; ma=2592000,quic=\":443\"; ma=2592000; v=\"46,43\"","accept-ranges":"none","transfer-encoding":"chunked"}
[debug] [2021-05-10T06:11:26.622Z] >>> [apiv2][query] GET https://firebase.googleapis.com/v1beta1/projects/clone-216bc/adminSdkConfig [none]
[debug] [2021-05-10T06:11:27.595Z] <<< [apiv2][status] GET https://firebase.googleapis.com/v1beta1/projects/clone-216bc/adminSdkConfig 200
[debug] [2021-05-10T06:11:27.595Z] <<< [apiv2][body] GET https://firebase.googleapis.com/v1beta1/projects/clone-216bc/adminSdkConfig {"projectId":"clone-216bc","storageBucket":"clone-216bc.appspot.com"}
[debug] [2021-05-10T06:11:27.608Z] >>> [apiv2][query] GET https://firebasehosting.googleapis.com/v1beta1/projects/clone-216bc/sites 
[debug] [2021-05-10T06:11:29.687Z] <<< [apiv2][status] GET https://firebasehosting.googleapis.com/v1beta1/projects/clone-216bc/sites 200
[debug] [2021-05-10T06:11:29.687Z] <<< [apiv2][body] GET https://firebasehosting.googleapis.com/v1beta1/projects/clone-216bc/sites {"sites":[{"name":"projects/279097349323/sites/clone-216bc","defaultUrl":"https://clone-216bc.web.app","appId":"1:279097349323:web:7c7b9b7f041d45eb1c774e","type":"DEFAULT_SITE"}]}
[debug] [2021-05-10T06:11:29.687Z] >>> [apiv2][query] GET https://firebase.googleapis.com/v1beta1/projects/clone-216bc/webApps/1:279097349323:web:7c7b9b7f041d45eb1c774e/config [none]
[debug] [2021-05-10T06:11:31.287Z] <<< [apiv2][status] GET https://firebase.googleapis.com/v1beta1/projects/clone-216bc/webApps/1:279097349323:web:7c7b9b7f041d45eb1c774e/config 200
[debug] [2021-05-10T06:11:31.288Z] <<< [apiv2][body] GET https://firebase.googleapis.com/v1beta1/projects/clone-216bc/webApps/1:279097349323:web:7c7b9b7f041d45eb1c774e/config {"projectId":"clone-216bc","appId":"1:279097349323:web:7c7b9b7f041d45eb1c774e","storageBucket":"clone-216bc.appspot.com","apiKey":"AIzaSyBLVesI-cuDG4BxGOwy7A-YKXE4V8_a3SU","authDomain":"clone-216bc.firebaseapp.com","messagingSenderId":"279097349323","measurementId":"G-ZCBFH9QY34"}
[info] i  hosting: Serving hosting files from: build {"metadata":{"emulator":{"name":"hosting"},"message":"Serving hosting files from: \u001b[1mbuild\u001b[22m"}}
[info] +  hosting: Local server: http://localhost:5000 {"metadata":{"emulator":{"name":"hosting"},"message":"Local server: \u001b[4m\u001b[1mhttp://localhost:5000\u001b[22m\u001b[24m"}}
[warn] !  ui: Emulator UI unable to start on port 4000, starting on 4001 instead. {"metadata":{"emulator":{"name":"ui"},"message":"Emulator UI unable to start on port 4000, starting on 4001 instead."}}
[debug] [2021-05-10T06:11:31.398Z] Ignoring unsupported arg: auto_download {"metadata":{"emulator":{"name":"ui"},"message":"Ignoring unsupported arg: auto_download"}}
[debug] [2021-05-10T06:11:31.398Z] Ignoring unsupported arg: port {"metadata":{"emulator":{"name":"ui"},"message":"Ignoring unsupported arg: port"}}
[debug] [2021-05-10T06:11:31.398Z] Starting Emulator UI with command {"binary":"node","args":["C:\\Users\\Ajinkya\\.cache\\firebase\\emulators\\ui-v1.4.2\\server.bundle.js"],"optionalArgs":[],"joinArgs":false} {"metadata":{"emulator":{"name":"ui"},"message":"Starting Emulator UI with command {\"binary\":\"node\",\"args\":[\"C:\\\\Users\\\\Ajinkya\\\\.cache\\\\firebase\\\\emulators\\\\ui-v1.4.2\\\\server.bundle.js\"],\"optionalArgs\":[],\"joinArgs\":false}"}}
[info] i  ui: Emulator UI logging to ui-debug.log {"metadata":{"emulator":{"name":"ui"},"message":"Emulator UI logging to \u001b[1mui-debug.log\u001b[22m"}}
[debug] [2021-05-10T06:11:31.544Z] Web / API server started at http://localhost:4001
 {"metadata":{"emulator":{"name":"ui"},"message":"Web / API server started at http://localhost:4001\n"}}
[info] i  functions: Watching "C:\programming\vs_code\ReactJs\Amazon_clone\amazon-clone\functions" for Cloud Functions... {"metadata":{"emulator":{"name":"functions"},"message":"Watching \"C:\\programming\\vs_code\\ReactJs\\Amazon_clone\\amazon-clone\\functions\" for Cloud Functions..."}}
[debug] [2021-05-10T06:11:31.695Z] [worker-pool] addWorker(~diagnostic~) {"metadata":{"emulator":{"name":"functions"},"message":"[worker-pool] addWorker(~diagnostic~)"}}
[debug] [2021-05-10T06:11:31.696Z] [worker-pool] Adding worker with key ~diagnostic~, total=1 {"metadata":{"emulator":{"name":"functions"},"message":"[worker-pool] Adding worker with key ~diagnostic~, total=1"}}
[debug] [2021-05-10T06:11:31.696Z] [worker-pool] submitWork(triggerId=) {"metadata":{"emulator":{"name":"functions"},"message":"[worker-pool] submitWork(triggerId=)"}}
[debug] [2021-05-10T06:11:31.696Z] [worker-~diagnostic~-e544b075-f15f-4011-ad91-b36bcc0fe86a]: Assigning socketPath: \\?\pipe\C:\programming\vs_code\ReactJs\Amazon_clone\amazon-clone\functions\6004 {"metadata":{"emulator":{"name":"functions"},"message":"[worker-~diagnostic~-e544b075-f15f-4011-ad91-b36bcc0fe86a]: Assigning socketPath: \\\\?\\pipe\\C:\\programming\\vs_code\\ReactJs\\Amazon_clone\\amazon-clone\\functions\\6004"}}
[debug] [2021-05-10T06:11:31.696Z] [worker-~diagnostic~-e544b075-f15f-4011-ad91-b36bcc0fe86a]: BUSY {"metadata":{"emulator":{"name":"functions"},"message":"[worker-~diagnostic~-e544b075-f15f-4011-ad91-b36bcc0fe86a]: BUSY"}}
[debug] [2021-05-10T06:11:31.930Z] [runtime-status] [6004] Functions runtime initialized. {"cwd":"C:\\programming\\vs_code\\ReactJs\\Amazon_clone\\amazon-clone\\functions","node_version":"14.16.0"} {"metadata":{"emulator":{"name":"functions"},"message":"[runtime-status] [6004] Functions runtime initialized. {\"cwd\":\"C:\\\\programming\\\\vs_code\\\\ReactJs\\\\Amazon_clone\\\\amazon-clone\\\\functions\",\"node_version\":\"14.16.0\"}"}}
[debug] [2021-05-10T06:11:31.930Z] [runtime-status] [6004] Disabled runtime features: undefined {"metadata":{"emulator":{"name":"functions"},"message":"[runtime-status] [6004] Disabled runtime features: undefined"}}
[debug] [2021-05-10T06:11:31.933Z] [runtime-status] [6004] Resolved module firebase-admin {"declared":true,"installed":true,"version":"9.7.0","resolution":"C:\\programming\\vs_code\\ReactJs\\Amazon_clone\\amazon-clone\\functions\\node_modules\\firebase-admin\\lib\\index.js"} {"metadata":{"emulator":{"name":"functions"},"message":"[runtime-status] [6004] Resolved module firebase-admin {\"declared\":true,\"installed\":true,\"version\":\"9.7.0\",\"resolution\":\"C:\\\\programming\\\\vs_code\\\\ReactJs\\\\Amazon_clone\\\\amazon-clone\\\\functions\\\\node_modules\\\\firebase-admin\\\\lib\\\\index.js\"}"}}
[debug] [2021-05-10T06:11:31.935Z] [runtime-status] [6004] Resolved module firebase-functions {"declared":true,"installed":true,"version":"3.13.2","resolution":"C:\\programming\\vs_code\\ReactJs\\Amazon_clone\\amazon-clone\\functions\\node_modules\\firebase-functions\\lib\\index.js"} {"metadata":{"emulator":{"name":"functions"},"message":"[runtime-status] [6004] Resolved module firebase-functions {\"declared\":true,\"installed\":true,\"version\":\"3.13.2\",\"resolution\":\"C:\\\\programming\\\\vs_code\\\\ReactJs\\\\Amazon_clone\\\\amazon-clone\\\\functions\\\\node_modules\\\\firebase-functions\\\\lib\\\\index.js\"}"}}
[debug] [2021-05-10T06:11:31.937Z] [runtime-status] [6004] Resolved module firebase-functions {"declared":true,"installed":true,"version":"3.13.2","resolution":"C:\\programming\\vs_code\\ReactJs\\Amazon_clone\\amazon-clone\\functions\\node_modules\\firebase-functions\\lib\\index.js"} {"metadata":{"emulator":{"name":"functions"},"message":"[runtime-status] [6004] Resolved module firebase-functions {\"declared\":true,\"installed\":true,\"version\":\"3.13.2\",\"resolution\":\"C:\\\\programming\\\\vs_code\\\\ReactJs\\\\Amazon_clone\\\\amazon-clone\\\\functions\\\\node_modules\\\\firebase-functions\\\\lib\\\\index.js\"}"}}
[debug] [2021-05-10T06:11:31.938Z] [runtime-status] [6004] Outgoing network have been stubbed. [{"name":"http","status":"mocked"},{"name":"http","status":"mocked"},{"name":"https","status":"mocked"},{"name":"https","status":"mocked"},{"name":"net","status":"mocked"}] {"metadata":{"emulator":{"name":"functions"},"message":"[runtime-status] [6004] Outgoing network have been stubbed. [{\"name\":\"http\",\"status\":\"mocked\"},{\"name\":\"http\",\"status\":\"mocked\"},{\"name\":\"https\",\"status\":\"mocked\"},{\"name\":\"https\",\"status\":\"mocked\"},{\"name\":\"net\",\"status\":\"mocked\"}]"}}
[debug] [2021-05-10T06:11:31.939Z] [runtime-status] [6004] Resolved module firebase-functions {"declared":true,"installed":true,"version":"3.13.2","resolution":"C:\\programming\\vs_code\\ReactJs\\Amazon_clone\\amazon-clone\\functions\\node_modules\\firebase-functions\\lib\\index.js"} {"metadata":{"emulator":{"name":"functions"},"message":"[runtime-status] [6004] Resolved module firebase-functions {\"declared\":true,\"installed\":true,\"version\":\"3.13.2\",\"resolution\":\"C:\\\\programming\\\\vs_code\\\\ReactJs\\\\Amazon_clone\\\\amazon-clone\\\\functions\\\\node_modules\\\\firebase-functions\\\\lib\\\\index.js\"}"}}
[debug] [2021-05-10T06:11:31.983Z] [runtime-status] [6004] Checked functions.config() {"config":{}} {"metadata":{"emulator":{"name":"functions"},"message":"[runtime-status] [6004] Checked functions.config() {\"config\":{}}"}}
[debug] [2021-05-10T06:11:31.983Z] [runtime-status] [6004] firebase-functions has been stubbed. {"functionsResolution":{"declared":true,"installed":true,"version":"3.13.2","resolution":"C:\\programming\\vs_code\\ReactJs\\Amazon_clone\\amazon-clone\\functions\\node_modules\\firebase-functions\\lib\\index.js"}} {"metadata":{"emulator":{"name":"functions"},"message":"[runtime-status] [6004] firebase-functions has been stubbed. {\"functionsResolution\":{\"declared\":true,\"installed\":true,\"version\":\"3.13.2\",\"resolution\":\"C:\\\\programming\\\\vs_code\\\\ReactJs\\\\Amazon_clone\\\\amazon-clone\\\\functions\\\\node_modules\\\\firebase-functions\\\\lib\\\\index.js\"}}"}}
[debug] [2021-05-10T06:11:31.984Z] [runtime-status] [6004] Resolved module firebase-functions {"declared":true,"installed":true,"version":"3.13.2","resolution":"C:\\programming\\vs_code\\ReactJs\\Amazon_clone\\amazon-clone\\functions\\node_modules\\firebase-functions\\lib\\index.js"} {"metadata":{"emulator":{"name":"functions"},"message":"[runtime-status] [6004] Resolved module firebase-functions {\"declared\":true,\"installed\":true,\"version\":\"3.13.2\",\"resolution\":\"C:\\\\programming\\\\vs_code\\\\ReactJs\\\\Amazon_clone\\\\amazon-clone\\\\functions\\\\node_modules\\\\firebase-functions\\\\lib\\\\index.js\"}"}}
[debug] [2021-05-10T06:11:31.985Z] [runtime-status] [6004] Resolved module firebase-admin {"declared":true,"installed":true,"version":"9.7.0","resolution":"C:\\programming\\vs_code\\ReactJs\\Amazon_clone\\amazon-clone\\functions\\node_modules\\firebase-admin\\lib\\index.js"} {"metadata":{"emulator":{"name":"functions"},"message":"[runtime-status] [6004] Resolved module firebase-admin {\"declared\":true,\"installed\":true,\"version\":\"9.7.0\",\"resolution\":\"C:\\\\programming\\\\vs_code\\\\ReactJs\\\\Amazon_clone\\\\amazon-clone\\\\functions\\\\node_modules\\\\firebase-admin\\\\lib\\\\index.js\"}"}}
[debug] [2021-05-10T06:11:31.986Z] [runtime-status] [6004] Resolved module firebase-functions {"declared":true,"installed":true,"version":"3.13.2","resolution":"C:\\programming\\vs_code\\ReactJs\\Amazon_clone\\amazon-clone\\functions\\node_modules\\firebase-functions\\lib\\index.js"} {"metadata":{"emulator":{"name":"functions"},"message":"[runtime-status] [6004] Resolved module firebase-functions {\"declared\":true,\"installed\":true,\"version\":\"3.13.2\",\"resolution\":\"C:\\\\programming\\\\vs_code\\\\ReactJs\\\\Amazon_clone\\\\amazon-clone\\\\functions\\\\node_modules\\\\firebase-functions\\\\lib\\\\index.js\"}"}}
[debug] [2021-05-10T06:11:31.986Z] [runtime-status] [6004] firebase-admin has been stubbed. {"adminResolution":{"declared":true,"installed":true,"version":"9.7.0","resolution":"C:\\programming\\vs_code\\ReactJs\\Amazon_clone\\amazon-clone\\functions\\node_modules\\firebase-admin\\lib\\index.js"}} {"metadata":{"emulator":{"name":"functions"},"message":"[runtime-status] [6004] firebase-admin has been stubbed. {\"adminResolution\":{\"declared\":true,\"installed\":true,\"version\":\"9.7.0\",\"resolution\":\"C:\\\\programming\\\\vs_code\\\\ReactJs\\\\Amazon_clone\\\\amazon-clone\\\\functions\\\\node_modules\\\\firebase-admin\\\\lib\\\\index.js\"}}"}}
[warn] !  TypeError: app.use is not a function
    at Object.<anonymous> (C:\programming\vs_code\ReactJs\Amazon_clone\amazon-clone\functions\index.js:13:5)
    at Module._compile (internal/modules/cjs/loader.js:1063:30)
    at Object.Module._extensions..js (internal/modules/cjs/loader.js:1092:10)
    at Module.load (internal/modules/cjs/loader.js:928:32)
    at Function.Module._load (internal/modules/cjs/loader.js:769:14)
    at Module.require (internal/modules/cjs/loader.js:952:19)
    at require (internal/modules/cjs/helpers.js:88:18)
    at initializeRuntime (C:\Users\Ajinkya\AppData\Roaming\npm\node_modules\firebase-tools\lib\emulator\functionsEmulatorRuntime.js:684:29)
    at processTicksAndRejections (internal/process/task_queues.js:93:5)
    at async handleMessage (C:\Users\Ajinkya\AppData\Roaming\npm\node_modules\firebase-tools\lib\emulator\functionsEmulatorRuntime.js:722:20) {"metadata":{"emulator":{"name":"functions"},"message":"TypeError: app.use is not a function\n    at Object.<anonymous> (C:\\programming\\vs_code\\ReactJs\\Amazon_clone\\amazon-clone\\functions\\index.js:13:5)\n    at Module._compile (internal/modules/cjs/loader.js:1063:30)\n    at Object.Module._extensions..js (internal/modules/cjs/loader.js:1092:10)\n    at Module.load (internal/modules/cjs/loader.js:928:32)\n    at Function.Module._load (internal/modules/cjs/loader.js:769:14)\n    at Module.require (internal/modules/cjs/loader.js:952:19)\n    at require (internal/modules/cjs/helpers.js:88:18)\n    at initializeRuntime (C:\\Users\\Ajinkya\\AppData\\Roaming\\npm\\node_modules\\firebase-tools\\lib\\emulator\\functionsEmulatorRuntime.js:684:29)\n    at processTicksAndRejections (internal/process/task_queues.js:93:5)\n    at async handleMessage (C:\\Users\\Ajinkya\\AppData\\Roaming\\npm\\node_modules\\firebase-tools\\lib\\emulator\\functionsEmulatorRuntime.js:722:20)"}}
[warn] !  We were unable to load your functions code. (see above) {"metadata":{"emulator":{"name":"functions"}}}
[debug] [2021-05-10T06:11:32.179Z] [worker-~diagnostic~-e544b075-f15f-4011-ad91-b36bcc0fe86a]: exited {"metadata":{"emulator":{"name":"functions"},"message":"[worker-~diagnostic~-e544b075-f15f-4011-ad91-b36bcc0fe86a]: exited"}}
[debug] [2021-05-10T06:11:32.179Z] [worker-~diagnostic~-e544b075-f15f-4011-ad91-b36bcc0fe86a]: FINISHED {"metadata":{"emulator":{"name":"functions"},"message":"[worker-~diagnostic~-e544b075-f15f-4011-ad91-b36bcc0fe86a]: FINISHED"}}
[debug] [2021-05-10T06:16:27.193Z] ----------------------------------------------------------------------
[debug] [2021-05-10T06:16:27.195Z] Command:       C:\Program Files\nodejs\node.exe C:\Users\Ajinkya\AppData\Roaming\npm\node_modules\firebase-tools\lib\bin\firebase.js emulators:start
[debug] [2021-05-10T06:16:27.195Z] CLI Version:   9.10.2
[debug] [2021-05-10T06:16:27.195Z] Platform:      win32
[debug] [2021-05-10T06:16:27.196Z] Node Version:  v14.16.0
[debug] [2021-05-10T06:16:27.197Z] Time:          Mon May 10 2021 11:46:27 GMT+0530 (India Standard Time)
[debug] [2021-05-10T06:16:27.197Z] ----------------------------------------------------------------------
[debug] 
[debug] [2021-05-10T06:16:27.204Z] > command requires scopes: ["email","openid","https://www.googleapis.com/auth/cloudplatformprojects.readonly","https://www.googleapis.com/auth/firebase","https://www.googleapis.com/auth/cloud-platform"]
[debug] [2021-05-10T06:16:27.204Z] > authorizing via signed-in user (ajinkyajadhav80586@gmail.com)
[info] i  emulators: Starting emulators: functions, hosting {"metadata":{"emulator":{"name":"hub"},"message":"Starting emulators: functions, hosting"}}
[warn] !  emulators: It seems that you are running multiple instances of the emulator suite for project clone-216bc. This may result in unexpected behavior. 
[debug] [2021-05-10T06:16:27.248Z] [hub] writing locator at C:\Users\Ajinkya\AppData\Local\Temp\hub-clone-216bc.json
[warn] !  functions: The following emulators are not running, calls to these services from the Functions emulator will affect production: auth, firestore, database, pubsub {"metadata":{"emulator":{"name":"functions"},"message":"The following emulators are not running, calls to these services from the Functions emulator will affect production: \u001b[1mauth, firestore, database, pubsub\u001b[22m"}}
[warn] !  Your requested "node" version "12" doesn't match your global version "14" {"metadata":{"emulator":{"name":"functions"},"message":"Your requested \"node\" version \"12\" doesn't match your global version \"14\""}}
[debug] [2021-05-10T06:16:27.357Z] defaultcredentials: writing to file C:\Users\Ajinkya\AppData\Roaming\firebase\ajinkyajadhav80586_gmail_com_application_default_credentials.json
[debug] [2021-05-10T06:16:27.361Z] Setting GAC to C:\Users\Ajinkya\AppData\Roaming\firebase\ajinkyajadhav80586_gmail_com_application_default_credentials.json {"metadata":{"emulator":{"name":"functions"},"message":"Setting GAC to C:\\Users\\Ajinkya\\AppData\\Roaming\\firebase\\ajinkyajadhav80586_gmail_com_application_default_credentials.json"}}
[debug] [2021-05-10T06:16:27.364Z] >>> [apiv2][query] GET https://firebase.googleapis.com/v1beta1/projects/clone-216bc/adminSdkConfig [none]
[debug] [2021-05-10T06:16:30.852Z] <<< [apiv2][status] GET https://firebase.googleapis.com/v1beta1/projects/clone-216bc/adminSdkConfig 200
[debug] [2021-05-10T06:16:30.852Z] <<< [apiv2][body] GET https://firebase.googleapis.com/v1beta1/projects/clone-216bc/adminSdkConfig {"projectId":"clone-216bc","storageBucket":"clone-216bc.appspot.com"}
[debug] [2021-05-10T06:16:30.866Z] >>> [apiv2][query] GET https://firebasehosting.googleapis.com/v1beta1/projects/clone-216bc/sites 
[debug] [2021-05-10T06:16:33.031Z] <<< [apiv2][status] GET https://firebasehosting.googleapis.com/v1beta1/projects/clone-216bc/sites 200
[debug] [2021-05-10T06:16:33.031Z] <<< [apiv2][body] GET https://firebasehosting.googleapis.com/v1beta1/projects/clone-216bc/sites {"sites":[{"name":"projects/279097349323/sites/clone-216bc","defaultUrl":"https://clone-216bc.web.app","appId":"1:279097349323:web:7c7b9b7f041d45eb1c774e","type":"DEFAULT_SITE"}]}
[debug] [2021-05-10T06:16:33.031Z] >>> [apiv2][query] GET https://firebase.googleapis.com/v1beta1/projects/clone-216bc/webApps/1:279097349323:web:7c7b9b7f041d45eb1c774e/config [none]
[debug] [2021-05-10T06:16:34.686Z] <<< [apiv2][status] GET https://firebase.googleapis.com/v1beta1/projects/clone-216bc/webApps/1:279097349323:web:7c7b9b7f041d45eb1c774e/config 200
[debug] [2021-05-10T06:16:34.686Z] <<< [apiv2][body] GET https://firebase.googleapis.com/v1beta1/projects/clone-216bc/webApps/1:279097349323:web:7c7b9b7f041d45eb1c774e/config {"projectId":"clone-216bc","appId":"1:279097349323:web:7c7b9b7f041d45eb1c774e","storageBucket":"clone-216bc.appspot.com","apiKey":"AIzaSyBLVesI-cuDG4BxGOwy7A-YKXE4V8_a3SU","authDomain":"clone-216bc.firebaseapp.com","messagingSenderId":"279097349323","measurementId":"G-ZCBFH9QY34"}
[info] i  hosting: Serving hosting files from: build {"metadata":{"emulator":{"name":"hosting"},"message":"Serving hosting files from: \u001b[1mbuild\u001b[22m"}}
[info] +  hosting: Local server: http://localhost:5000 {"metadata":{"emulator":{"name":"hosting"},"message":"Local server: \u001b[4m\u001b[1mhttp://localhost:5000\u001b[22m\u001b[24m"}}
[warn] !  ui: Emulator UI unable to start on port 4000, starting on 4002 instead. {"metadata":{"emulator":{"name":"ui"},"message":"Emulator UI unable to start on port 4000, starting on 4002 instead."}}
[debug] [2021-05-10T06:16:34.749Z] Ignoring unsupported arg: auto_download {"metadata":{"emulator":{"name":"ui"},"message":"Ignoring unsupported arg: auto_download"}}
[debug] [2021-05-10T06:16:34.749Z] Ignoring unsupported arg: port {"metadata":{"emulator":{"name":"ui"},"message":"Ignoring unsupported arg: port"}}
[debug] [2021-05-10T06:16:34.749Z] Starting Emulator UI with command {"binary":"node","args":["C:\\Users\\Ajinkya\\.cache\\firebase\\emulators\\ui-v1.4.2\\server.bundle.js"],"optionalArgs":[],"joinArgs":false} {"metadata":{"emulator":{"name":"ui"},"message":"Starting Emulator UI with command {\"binary\":\"node\",\"args\":[\"C:\\\\Users\\\\Ajinkya\\\\.cache\\\\firebase\\\\emulators\\\\ui-v1.4.2\\\\server.bundle.js\"],\"optionalArgs\":[],\"joinArgs\":false}"}}
[info] i  ui: Emulator UI logging to ui-debug.log {"metadata":{"emulator":{"name":"ui"},"message":"Emulator UI logging to \u001b[1mui-debug.log\u001b[22m"}}
[debug] [2021-05-10T06:16:34.870Z] Web / API server started at http://localhost:4002
 {"metadata":{"emulator":{"name":"ui"},"message":"Web / API server started at http://localhost:4002\n"}}
[info] i  functions: Watching "C:\programming\vs_code\ReactJs\Amazon_clone\amazon-clone\functions" for Cloud Functions... {"metadata":{"emulator":{"name":"functions"},"message":"Watching \"C:\\programming\\vs_code\\ReactJs\\Amazon_clone\\amazon-clone\\functions\" for Cloud Functions..."}}
[debug] [2021-05-10T06:16:35.038Z] [worker-pool] addWorker(~diagnostic~) {"metadata":{"emulator":{"name":"functions"},"message":"[worker-pool] addWorker(~diagnostic~)"}}
[debug] [2021-05-10T06:16:35.038Z] [worker-pool] Adding worker with key ~diagnostic~, total=1 {"metadata":{"emulator":{"name":"functions"},"message":"[worker-pool] Adding worker with key ~diagnostic~, total=1"}}
[debug] [2021-05-10T06:16:35.038Z] [worker-pool] submitWork(triggerId=) {"metadata":{"emulator":{"name":"functions"},"message":"[worker-pool] submitWork(triggerId=)"}}
[debug] [2021-05-10T06:16:35.039Z] [worker-~diagnostic~-00957e10-9dea-4c8f-b062-a2c84e5ed4bb]: Assigning socketPath: \\?\pipe\C:\programming\vs_code\ReactJs\Amazon_clone\amazon-clone\functions\15880 {"metadata":{"emulator":{"name":"functions"},"message":"[worker-~diagnostic~-00957e10-9dea-4c8f-b062-a2c84e5ed4bb]: Assigning socketPath: \\\\?\\pipe\\C:\\programming\\vs_code\\ReactJs\\Amazon_clone\\amazon-clone\\functions\\15880"}}
[debug] [2021-05-10T06:16:35.039Z] [worker-~diagnostic~-00957e10-9dea-4c8f-b062-a2c84e5ed4bb]: BUSY {"metadata":{"emulator":{"name":"functions"},"message":"[worker-~diagnostic~-00957e10-9dea-4c8f-b062-a2c84e5ed4bb]: BUSY"}}
[debug] [2021-05-10T06:16:35.254Z] [runtime-status] [15880] Functions runtime initialized. {"cwd":"C:\\programming\\vs_code\\ReactJs\\Amazon_clone\\amazon-clone\\functions","node_version":"14.16.0"} {"metadata":{"emulator":{"name":"functions"},"message":"[runtime-status] [15880] Functions runtime initialized. {\"cwd\":\"C:\\\\programming\\\\vs_code\\\\ReactJs\\\\Amazon_clone\\\\amazon-clone\\\\functions\",\"node_version\":\"14.16.0\"}"}}
[debug] [2021-05-10T06:16:35.255Z] [runtime-status] [15880] Disabled runtime features: undefined {"metadata":{"emulator":{"name":"functions"},"message":"[runtime-status] [15880] Disabled runtime features: undefined"}}
[debug] [2021-05-10T06:16:35.259Z] [runtime-status] [15880] Resolved module firebase-admin {"declared":true,"installed":true,"version":"9.7.0","resolution":"C:\\programming\\vs_code\\ReactJs\\Amazon_clone\\amazon-clone\\functions\\node_modules\\firebase-admin\\lib\\index.js"} {"metadata":{"emulator":{"name":"functions"},"message":"[runtime-status] [15880] Resolved module firebase-admin {\"declared\":true,\"installed\":true,\"version\":\"9.7.0\",\"resolution\":\"C:\\\\programming\\\\vs_code\\\\ReactJs\\\\Amazon_clone\\\\amazon-clone\\\\functions\\\\node_modules\\\\firebase-admin\\\\lib\\\\index.js\"}"}}
[debug] [2021-05-10T06:16:35.261Z] [runtime-status] [15880] Resolved module firebase-functions {"declared":true,"installed":true,"version":"3.13.2","resolution":"C:\\programming\\vs_code\\ReactJs\\Amazon_clone\\amazon-clone\\functions\\node_modules\\firebase-functions\\lib\\index.js"} {"metadata":{"emulator":{"name":"functions"},"message":"[runtime-status] [15880] Resolved module firebase-functions {\"declared\":true,\"installed\":true,\"version\":\"3.13.2\",\"resolution\":\"C:\\\\programming\\\\vs_code\\\\ReactJs\\\\Amazon_clone\\\\amazon-clone\\\\functions\\\\node_modules\\\\firebase-functions\\\\lib\\\\index.js\"}"}}
[debug] [2021-05-10T06:16:35.263Z] [runtime-status] [15880] Resolved module firebase-functions {"declared":true,"installed":true,"version":"3.13.2","resolution":"C:\\programming\\vs_code\\ReactJs\\Amazon_clone\\amazon-clone\\functions\\node_modules\\firebase-functions\\lib\\index.js"} {"metadata":{"emulator":{"name":"functions"},"message":"[runtime-status] [15880] Resolved module firebase-functions {\"declared\":true,\"installed\":true,\"version\":\"3.13.2\",\"resolution\":\"C:\\\\programming\\\\vs_code\\\\ReactJs\\\\Amazon_clone\\\\amazon-clone\\\\functions\\\\node_modules\\\\firebase-functions\\\\lib\\\\index.js\"}"}}
[debug] [2021-05-10T06:16:35.264Z] [runtime-status] [15880] Outgoing network have been stubbed. [{"name":"http","status":"mocked"},{"name":"http","status":"mocked"},{"name":"https","status":"mocked"},{"name":"https","status":"mocked"},{"name":"net","status":"mocked"}] {"metadata":{"emulator":{"name":"functions"},"message":"[runtime-status] [15880] Outgoing network have been stubbed. [{\"name\":\"http\",\"status\":\"mocked\"},{\"name\":\"http\",\"status\":\"mocked\"},{\"name\":\"https\",\"status\":\"mocked\"},{\"name\":\"https\",\"status\":\"mocked\"},{\"name\":\"net\",\"status\":\"mocked\"}]"}}
[debug] [2021-05-10T06:16:35.265Z] [runtime-status] [15880] Resolved module firebase-functions {"declared":true,"installed":true,"version":"3.13.2","resolution":"C:\\programming\\vs_code\\ReactJs\\Amazon_clone\\amazon-clone\\functions\\node_modules\\firebase-functions\\lib\\index.js"} {"metadata":{"emulator":{"name":"functions"},"message":"[runtime-status] [15880] Resolved module firebase-functions {\"declared\":true,\"installed\":true,\"version\":\"3.13.2\",\"resolution\":\"C:\\\\programming\\\\vs_code\\\\ReactJs\\\\Amazon_clone\\\\amazon-clone\\\\functions\\\\node_modules\\\\firebase-functions\\\\lib\\\\index.js\"}"}}
[debug] [2021-05-10T06:16:35.310Z] [runtime-status] [15880] Checked functions.config() {"config":{}} {"metadata":{"emulator":{"name":"functions"},"message":"[runtime-status] [15880] Checked functions.config() {\"config\":{}}"}}
[debug] [2021-05-10T06:16:35.311Z] [runtime-status] [15880] firebase-functions has been stubbed. {"functionsResolution":{"declared":true,"installed":true,"version":"3.13.2","resolution":"C:\\programming\\vs_code\\ReactJs\\Amazon_clone\\amazon-clone\\functions\\node_modules\\firebase-functions\\lib\\index.js"}} {"metadata":{"emulator":{"name":"functions"},"message":"[runtime-status] [15880] firebase-functions has been stubbed. {\"functionsResolution\":{\"declared\":true,\"installed\":true,\"version\":\"3.13.2\",\"resolution\":\"C:\\\\programming\\\\vs_code\\\\ReactJs\\\\Amazon_clone\\\\amazon-clone\\\\functions\\\\node_modules\\\\firebase-functions\\\\lib\\\\index.js\"}}"}}
[debug] [2021-05-10T06:16:35.311Z] [runtime-status] [15880] Resolved module firebase-functions {"declared":true,"installed":true,"version":"3.13.2","resolution":"C:\\programming\\vs_code\\ReactJs\\Amazon_clone\\amazon-clone\\functions\\node_modules\\firebase-functions\\lib\\index.js"} {"metadata":{"emulator":{"name":"functions"},"message":"[runtime-status] [15880] Resolved module firebase-functions {\"declared\":true,\"installed\":true,\"version\":\"3.13.2\",\"resolution\":\"C:\\\\programming\\\\vs_code\\\\ReactJs\\\\Amazon_clone\\\\amazon-clone\\\\functions\\\\node_modules\\\\firebase-functions\\\\lib\\\\index.js\"}"}}
[debug] [2021-05-10T06:16:35.312Z] [runtime-status] [15880] Resolved module firebase-admin {"declared":true,"installed":true,"version":"9.7.0","resolution":"C:\\programming\\vs_code\\ReactJs\\Amazon_clone\\amazon-clone\\functions\\node_modules\\firebase-admin\\lib\\index.js"} {"metadata":{"emulator":{"name":"functions"},"message":"[runtime-status] [15880] Resolved module firebase-admin {\"declared\":true,\"installed\":true,\"version\":\"9.7.0\",\"resolution\":\"C:\\\\programming\\\\vs_code\\\\ReactJs\\\\Amazon_clone\\\\amazon-clone\\\\functions\\\\node_modules\\\\firebase-admin\\\\lib\\\\index.js\"}"}}
[debug] [2021-05-10T06:16:35.313Z] [runtime-status] [15880] Resolved module firebase-functions {"declared":true,"installed":true,"version":"3.13.2","resolution":"C:\\programming\\vs_code\\ReactJs\\Amazon_clone\\amazon-clone\\functions\\node_modules\\firebase-functions\\lib\\index.js"} {"metadata":{"emulator":{"name":"functions"},"message":"[runtime-status] [15880] Resolved module firebase-functions {\"declared\":true,\"installed\":true,\"version\":\"3.13.2\",\"resolution\":\"C:\\\\programming\\\\vs_code\\\\ReactJs\\\\Amazon_clone\\\\amazon-clone\\\\functions\\\\node_modules\\\\firebase-functions\\\\lib\\\\index.js\"}"}}
[debug] [2021-05-10T06:16:35.313Z] [runtime-status] [15880] firebase-admin has been stubbed. {"adminResolution":{"declared":true,"installed":true,"version":"9.7.0","resolution":"C:\\programming\\vs_code\\ReactJs\\Amazon_clone\\amazon-clone\\functions\\node_modules\\firebase-admin\\lib\\index.js"}} {"metadata":{"emulator":{"name":"functions"},"message":"[runtime-status] [15880] firebase-admin has been stubbed. {\"adminResolution\":{\"declared\":true,\"installed\":true,\"version\":\"9.7.0\",\"resolution\":\"C:\\\\programming\\\\vs_code\\\\ReactJs\\\\Amazon_clone\\\\amazon-clone\\\\functions\\\\node_modules\\\\firebase-admin\\\\lib\\\\index.js\"}}"}}
[warn] !  TypeError: app.use is not a function
    at Object.<anonymous> (C:\programming\vs_code\ReactJs\Amazon_clone\amazon-clone\functions\index.js:13:5)
    at Module._compile (internal/modules/cjs/loader.js:1063:30)
    at Object.Module._extensions..js (internal/modules/cjs/loader.js:1092:10)
    at Module.load (internal/modules/cjs/loader.js:928:32)
    at Function.Module._load (internal/modules/cjs/loader.js:769:14)
    at Module.require (internal/modules/cjs/loader.js:952:19)
    at require (internal/modules/cjs/helpers.js:88:18)
    at initializeRuntime (C:\Users\Ajinkya\AppData\Roaming\npm\node_modules\firebase-tools\lib\emulator\functionsEmulatorRuntime.js:684:29)
    at processTicksAndRejections (internal/process/task_queues.js:93:5)
    at async handleMessage (C:\Users\Ajinkya\AppData\Roaming\npm\node_modules\firebase-tools\lib\emulator\functionsEmulatorRuntime.js:722:20) {"metadata":{"emulator":{"name":"functions"},"message":"TypeError: app.use is not a function\n    at Object.<anonymous> (C:\\programming\\vs_code\\ReactJs\\Amazon_clone\\amazon-clone\\functions\\index.js:13:5)\n    at Module._compile (internal/modules/cjs/loader.js:1063:30)\n    at Object.Module._extensions..js (internal/modules/cjs/loader.js:1092:10)\n    at Module.load (internal/modules/cjs/loader.js:928:32)\n    at Function.Module._load (internal/modules/cjs/loader.js:769:14)\n    at Module.require (internal/modules/cjs/loader.js:952:19)\n    at require (internal/modules/cjs/helpers.js:88:18)\n    at initializeRuntime (C:\\Users\\Ajinkya\\AppData\\Roaming\\npm\\node_modules\\firebase-tools\\lib\\emulator\\functionsEmulatorRuntime.js:684:29)\n    at processTicksAndRejections (internal/process/task_queues.js:93:5)\n    at async handleMessage (C:\\Users\\Ajinkya\\AppData\\Roaming\\npm\\node_modules\\firebase-tools\\lib\\emulator\\functionsEmulatorRuntime.js:722:20)"}}
[warn] !  We were unable to load your functions code. (see above) {"metadata":{"emulator":{"name":"functions"}}}
[debug] [2021-05-10T06:16:35.507Z] [worker-~diagnostic~-00957e10-9dea-4c8f-b062-a2c84e5ed4bb]: exited {"metadata":{"emulator":{"name":"functions"},"message":"[worker-~diagnostic~-00957e10-9dea-4c8f-b062-a2c84e5ed4bb]: exited"}}
[debug] [2021-05-10T06:16:35.507Z] [worker-~diagnostic~-00957e10-9dea-4c8f-b062-a2c84e5ed4bb]: FINISHED {"metadata":{"emulator":{"name":"functions"},"message":"[worker-~diagnostic~-00957e10-9dea-4c8f-b062-a2c84e5ed4bb]: FINISHED"}}
[debug] [2021-05-10T07:09:43.551Z] Received signal SIGHUP 1
